<?xml version="1.0" encoding="UTF-8"?>
<!-- Generated by org.testng.reporters.JUnitReportReporter -->
<testsuite hostname="LAPTOP-7V5QHGUR" name="handling_Dropdown_Test.Handling_Dropdown_Test1" tests="1" failures="0" timestamp="13 May 2021 19:24:51 GMT" time="9.205" errors="0">
  <testcase name="dynamicMonthSelection" time="9.205" classname="handling_Dropdown_Test.Handling_Dropdown_Test1"/>
</testsuite> <!-- handling_Dropdown_Test.Handling_Dropdown_Test1 -->
